23
23
24
24
24
24
23
23
23
23
24
25
25
25
25
25
25
25
25
24
24
25
24
24
24
24
24
24
24
24
24
24
24
24
24
24
24
24
24
24
24
24
24
24
24
25
26
26
27
26
26
26
26
26
26
26
26
28
27
28
28
27
27
29
30
31
31
32
33
32
32
32
32
31
31
32
32
31
32
31
31
31
30
30
30
29
29
29
29
29
30
31
31
31
31
32
33
33
33
33
35
34
35
35
36
36
37
36
36
36
36
35
36
36
37
36
39
39
41
41
42
42
44
46
46
46
46
46
46
49
50
52
55
57
58
59
61
63
65
64
65
65
66
67
69
70
71
72
72
73
72
71
71
72
73
74
74
76
81
83
85
84
87
95
108
107
114
113
118
119
120
121
117
113
110
111
113
113
110
111
121
123
129
129
126
128
132
138
143
148
154
155
154
156
156
154
153
151
154
153
147
142
137
132
127
123
118
114
111
107
104
101
97
95
94
94
97
103
110
132
132
132
132
132
130
130
132
135
140
140
159
175
181
184
184
177
170
170
166
176
176
175
177
179
171
165
176
186
180
188
193
201
201
209
247
258
253
242
232
222
219
241
250
248
237
231
226
221
217
220
215
206
202
198
195
190
186
182
175
171
165
159
157
154
148
143
143
142
141
142
141
141
141
142
142
186
228
267
305
339
328
318
308
299
294
286
280
272
264
257
249
243
236
231
226
221
217
213
209
205
201
197
194
190
184
182
178
177
175
172
170
173
177
212
219
223
221
212
206
198
190
184
178
172
166
162
160
159
169
171
170
168
168
167
166
163
161
158
152
146
140
139
138
138
136
136
135
135
134
134
133
133
133
133
133
132
131
127
124
120
116
112
109
108
105
101
98
96
93
91
88
86
84
85
83
82
81
79
78
78
77
75
74
74
72
71
72
71
72
71
74
77
80
84
90
119
127
172
181
182
184
182
176
172
170
167
164
161
159
159
160
168
171
172
172
175
185
226
230
233
231
231
271
279
316
313
304
297
285
277
266
254
244
238
234
239
246
285
322
357
390
395
387
375
362
351
341
331
323
315
306
297
289
283
277
275
278
274
270
271
272
269
286
295
303
300
336
367
399
430
460
488
514
540
564
586
583
557
530
505
481
458
436
415
395
377
359
343
327
312
297
284
271
259
248
237
227
216
207
211
205
198
192
184
176
168
161
154
148
142
136
130
125
120
115
110
106
102
98
94
91
87
84
81
78
76
73
71
69
67
65
64
62
60
59
58
57
55
54
56
55
54
55
54
55
56
58
59
60
62
63
65
66
68
73
74
121
166
209
248
243
237
234
224
220
216
206
197
188
180
173
165
159
152
146
140
134
129
124
119
114
109
105
101
97
93
89
86
82
79
77
74
71
69
67
65
63
61
59
57
55
54
52
51
49
48
47
46
44
50
49
60
74
105
101
96
92
89
85
82
79
76
73
70
68
65
63
61
59
89
91
92
92
90
88
88
89
91
92
93
93
95
94
98
103
108
122
123
122
121
122
122
121
123
122
122
121
120
120
120
122
121
119
117
114
110
110
112
114
114
112
111
106
105
104
104
104
102
102
105
104
104
101
99
101
102
102
102
100
101
98
101
99
96
95
91
87
84
81
78
75
74
72
70
67
65
63
63
64
65
65
66
67
69
70
68
69
72
74
77
83
83
84
84
88
91
91
92
95
99
102
103
105
108
110
110
111
112
112
112
114
116
118
118
120
124
126
130
131
132
132
131
130
130
129
128
123
118
118
118
118
118
113
113
113
114
113
110
110
106
106
106
106
106
107
107
103
103
104
106
107
108
109
109
110
106
107
108
108
109
110
111
113
114
115
115
116
117
118
119
122
125
129
131
134
135
136
137
139
142
144
145
146
147
148
149
149
152
152
152
154
155
156
157
160
170
170
171
170
170
168
167
166
165
164
164
163
161
160
158
156
154
152
151
149
148
146
144
143
141
140
138
138
137
137
136
136
137
136
136
135
134
133
132
131
130
130
129
130
129
129
130
129
129
130
132
133
133
133
132
131
131
130
129
128
127
126
125
125
124
123
122
122
121
117
116
117
117
118
119
120
121
122
123
123
123
123
124
124
124
124
125
124
124
123
122
120
120
120
120
118
119
121
130
132
134
142
145
157
161
172
179
190
193
193
192
191
188
184
181
177
170
167
164
162
160
159
157
156
155
153
151
149
147
146
145
143
142
140
139
138
139
141
141
141
141
143
143
143
143
143
141
139
134
128
127
128
129
131
132