12.0
12.5
13.5
9.5
11.0
10.5
9.0
12.5
14.0
9.5
10.0
10.0
10.0
14.5
12.0
12.0
16.0
14.0
12.0
17.5
9.5
11.5
11.0
14.5
12.0
15.5
12.0
13.5
16.5
13.0
13.5
13.0
12.0
14.0
15.5
14.5
22.0
13.5
26.0
12.0
31.5
31.0
48.5
48.0
94.5
79.5
75.0
31.5
20.5
71.0
67.0
72.0
75.5
70.5
121.5
41.0
101.5
124.0
111.0
144.0
52.5
42.5
71.5
84.0
66.0
52.5
51.0
44.5
101.5
109.5
142.0
92.5
102.5
129.5
43.5
63.0
42.5
71.0
24.5
50.5
26.5
73.5
57.5
55.0
111.0
136.5
129.0
132.0
139.5
133.5
184.5
131.5
141.5
134.0
192.5
132.0
110.0
176.5
167.5
90.5
132.0
112.5
62.5
125.5
97.5
85.5
88.0
95.5
93.0
184.5
177.0
167.5
165.5
200.0
200.0
200.0
196.0
200.0
150.5
188.5
171.5
200.0
150.5
155.0
177.0
169.5
200.0
200.0
192.0
200.0
174.5
169.5
200.0
200.0
200.0
200.0
188.5
180.5
200.0
200.0
200.0
200.0
200.0
200.0
196.5
185.0
200.0
200.0
200.0
200.0
200.0
197.0
200.0
200.0
187.0
200.0
200.0
200.0
200.0
200.0
200.0
200.0
197.5
182.5
200.0
200.0
200.0
200.0
200.0
200.0
167.5
200.0
200.0
200.0
200.0
200.0
200.0
200.0
200.0
200.0
120.5
198.5
194.0
200.0
200.0
200.0
200.0
200.0
200.0
191.5
200.0
200.0
200.0
196.0
200.0
200.0
200.0
200.0
200.0
200.0
200.0
200.0
200.0
200.0
200.0
200.0
197.5
200.0
200.0
200.0
200.0
200.0
197.0
199.0
200.0
200.0
200.0
200.0
200.0
200.0
200.0
189.0
200.0
188.5
200.0
197.0
200.0
194.0
180.5
200.0
200.0
200.0
200.0
146.0
152.5
152.5
200.0
200.0
200.0
200.0
159.5
200.0
200.0
154.0
166.0
200.0
200.0
169.0
177.0
123.0
162.5
92.0
157.0
101.0
91.5
73.5
103.5
125.5
73.0
75.5
64.0
81.5
150.5
101.5
123.0
129.0
105.0
170.0
159.5
192.0
190.0
165.0
200.0
200.0
176.0
200.0
200.0
191.0
173.5
169.5
200.0
193.0
193.0
173.5
200.0
159.0
200.0
200.0
200.0
200.0
200.0
162.5
199.0
177.5
153.0
161.0
190.5
173.0
149.5
142.0
146.5
109.0
52.5
81.0
77.0
126.5
89.5
91.0
88.0
151.0
106.0
140.5
117.5
113.5
128.0
65.5
129.0
142.0
101.0
100.0