42.0
9.0
10.0
9.5
11.0
9.5
11.0
9.5
13.0
15.0
13.5
15.0
12.5
13.0
12.5
16.5
15.5
15.0
15.5
23.0
12.5
12.5
21.0
32.5
14.0
17.0
30.5
54.5
17.0
17.5
35.0
62.0
42.5
34.0
65.0
49.5
48.0
41.0
38.0
14.0
12.5
13.0
14.5
20.0
32.0
85.0
65.0
59.0
49.0
50.5
34.5
46.5
39.5
53.5
38.5
70.0
64.5
70.5
142.5
27.5
22.0
26.0
26.5
38.0
38.0
56.0
123.0
200.0
189.5
9.5
9.0
9.5
9.5
9.0
8.5
9.5
9.0
10.0
8.5
10.0
9.5
9.5
9.5
8.5
10.0
10.0
8.5
9.5
8.5
10.0
8.5
9.5
9.0
9.5
9.0
9.5
10.0
10.0
9.0
8.5
10.0
9.0
9.0
9.0
8.5
9.5
9.5
9.0
9.5
8.5
9.5
9.5
9.5
9.5
9.5
9.5
9.5
9.5
9.5
9.5
9.5
9.5
9.5
9.5
10.0
10.0
9.0
9.5
8.5
9.0
8.5
9.0
10.0
9.5
9.0
8.5
10.5
8.5
9.5
8.5
9.0
10.5
9.0
9.5
10.5
9.5
9.5
9.5
8.5
9.5
9.0
8.5
10.5
8.5
9.0
9.5
9.5
9.0
9.5
9.0
10.0
9.5
9.5
9.0
9.0
9.0
9.5
9.5
10.0
10.0
8.5
9.5
10.0
10.0
9.5
9.0
10.0
9.0
8.5
10.0
9.5
10.0
9.5
9.5
9.5
10.0
9.0
9.5
8.5
9.5
10.0
10.0
9.0
9.5
10.0
9.5
10.0
9.5
9.5
9.0
10.0
9.5
9.5
9.5
9.5
9.5
9.0
8.5
9.5
9.5
9.5
9.0
10.0
9.0
9.5
8.5
9.5
9.5
9.0
9.5
9.5
8.5
9.0
9.5
9.0
9.0
9.5
10.5
10.0
9.5
9.0
8.0
9.0
9.0
10.0
10.0
9.5
9.5
8.5
9.5
10.0
8.5
10.0
9.5
10.0
8.5
9.0
9.5
9.0
9.5
9.0
9.5
9.5
8.5
9.0
9.0
8.5
9.0
8.5
10.0
9.5
8.5
8.5
10.0
9.5
9.5
9.5
9.5
9.0
9.0
9.0
8.0
9.0
9.0
9.5
10.0
10.5
9.0
9.5
9.0
10.0
9.5
9.5
9.5
9.0
9.5
9.0
10.0
9.5
10.0
9.0
9.0
9.5
9.0
8.0
10.0
9.5
9.5
9.5
10.0
9.5
10.0
9.0
9.0
9.0
9.5
9.5
9.5
8.5
10.0
9.5
9.5
10.0
9.0
9.5
8.5
9.0
10.0
9.5
9.0