13
13
14
14
14
14
13
13
13
13
14
15
15
15
15
15
15
15
15
14
14
15
14
14
14
14
14
14
14
14
14
14
14
14
14
14
14
14
14
14
14
14
14
15
15
16
16
17
17
17
17
16
16
16
16
16
16
16
16
16
16
17
17
17
17
18
19
19
19
23
22
25
24
24
24
24
25
24
26
26
26
27
28
28
29
32
32
33
33
36
37
37
38
37
38
38
38
38
38
43
43
45
44
44
46
46
47
51
51
51
51
52
53
53
56
54
62
64
67
88
91
103
114
115
114
115
141
149
149
147
142
138
133
132
134
136
136
137
139
148
156
168
174
172
179
180
180
182
197
213
212
209
216
216
227
227
223
219
213
210
208
204
202
201
198
190
188
180
182
189
189
188
188
187
178
175
172
168
165
160
158
152
150
148
146
148
149
159
166
168
174
173
173
174
173
174
174
171
168
167
165
164
170
170
172
170
168
169
165
163
163
162
161
154
148
141
140
140
140
144
149
153
160
162
162
160
158
154
152
147
141
135
133
132
128
126
126
131
136
140
142
142
142
141
144
152
160
168
170
177
182
181
182
182
182
185
185
182
175
172
165
159
153
147
146
145
144
151
150
148
142
137
131
129
128
130
135
135
135
135
141
153
160
169
182
193
201
229
226
228
268
289
298
334
368
364
354
346
339
329
318
308
298
293
286
277
268
261
254
250
244
233
226
220
210
200
191
183
175
167
159
152
145
139
133
127
123
117
112
109
110
111
113
116
121
125
130
142
144
145
145
150
158
160
163
156
156
156
156
152
158
159
163
164
168
172
182
183
183
184
183
185
187
192
206
212
209
199
190
187
191
208
206
202
193
185
176
174
169
167
159
152
150
150
148
144
140
138
133
131
130
132
143
146
152
157
158
151
150
144
138
132
127
123
119
116
116
111
112
113
113
113
113
114
114
117
117
119
122
125
128
129
130
130
134
140
145
147
148
147
141
139
139
135
137
137
139
138
140
144
144
144
143
140
146
146
144
138
135
130
125
121
121
121
124
128
138
140
143
147
151
159
161
160
172
186
190
189
181
179
185
187
185
186
188
186
184
183
187
184
180
172
169
162
155
149
144
143
142
141
141
140
139
139
140
146
150
161
170
179
176
174
173
174
173
174
176
179
185
186
188
186
186
184
183
186
186
185
182
178
172
170
167
161
155
153
151
149
147
147
145
144
141
137
136
132
127
123
122
123
124
135
140
140
141
150
153
159
159
164
166
166
167
176
185
183
187
193
197
216
220
240
236
233
227
227
225
224
216
216
226
223
221
223
221
217
211
210
212
217
222
222
221
219
229
269
288
296
288
276
269
262
257
247
240
230
220
211
201
192
187
183
183
180
179
181
183
183
180
176
173
167
161
158
152
146
146
145
146
148
153
154
153
159
163
162
167
173
166
158
151
144
137
131
126
121
115
111
107
103
100
98
96
92
91
93
98
94
90
88
85
83
80
76
74
71
69
66
66
64
63
63
61
59
59
62
64
65
66
64
62
60
59
57
56
54
53
51
49
48
46
45
44
43
42
41
40
39
38
44
44
51
52
52
53
53
53
54
58
57
57
55
55
54
52
52
52
50
49
48
49
49
52
54
57
60
63
61
60
59
60
60
63
73
79
81
81
82
93
95
91
88
87
90
97
135
154
176
171
198
201
193
184
181
175
170
162
161
160
155
175
190
192
188
181
179
172
214
244
244
233
222
211
201
191
183
179
175
169
162
155
148
142
135
129
123
117
112
107
102
98
94
91
88
85
82
82
90
87
85
82
94
101
103
108
108
109
105
107
107
113
117
119
120
120
121
121
120
119
119
119
118
118
115
115
114
114
112
109
106
102
103
104
105
107
108
104
104
104
104
101
100
100
97
98
99
99
100
102
103
104
107
110
111
110
109
109
114
122
165
171
169
168
167
165
164
167
167
177
185
186
187
184
180
173
170
163
157
154
152
150
149
147
146
147
150
152
153
163
166
168
167
164
162
160
158
157
159
161
164
167
176
179
184
187
185
182
179
176
173
170
167
164
163
162
161
160
158
156
155
154
152
152
151
149
147
144
144
144
145
149
151
155
155
153
151
149
149
148
148
150
151
154
158
161
177
181
180
177
174
173
172
206
203
199
198
196
238
277
278
271
268
255
248
236
225
214
204
194
185
176
168
160
153
146
139
132
126
120
115
109
104
100
95
91
87
83
79
75
72
69
66
63
60
58
55
53
51
49
47
50
55
56
54
52
50
51
50
52
51