8.0
14.0
9.5
9.0
11.0
11.5
11.5
8.0
13.0
9.5
14.0
9.5
12.0
16.5
11.0
10.5
12.0
12.0
40.5
48.5
27.0
49.5
91.5
24.5
19.0
25.0
29.0
56.5
60.0
55.0
30.5
30.5
42.5
31.0
62.0
52.0
49.0
44.5
37.5
30.5
39.0
55.0
41.0
55.0
87.0
88.5
32.5
30.0
27.5
34.5
68.5
74.0
63.0
80.0
97.5
76.5
62.5
71.5
96.0
108.5
41.5
59.0
71.5
72.5
62.5
87.0
90.5
105.0
181.0
36.5
38.0
32.0
50.0
75.0
101.5
84.0
75.0
72.0
48.0
89.0
69.0
71.5
60.0
48.0
62.5
59.0
40.0
50.5
57.0
98.0
70.5
92.5
109.0
195.5
173.5
12.0
108.0
200.0
107.0
200.0
200.0
200.0
200.0
200.0
200.0
200.0
200.0
200.0
200.0
200.0
200.0
200.0
200.0
200.0
200.0
200.0
200.0
200.0
200.0
200.0
200.0
200.0
200.0
200.0
200.0
200.0
200.0
200.0
200.0
200.0
200.0
200.0
200.0
200.0
200.0
200.0
200.0
200.0
200.0
200.0
200.0
200.0
200.0
200.0
200.0
200.0
200.0
200.0
200.0
200.0
200.0
200.0
200.0
200.0
200.0
200.0
200.0
200.0
200.0
200.0
200.0
200.0
200.0
200.0
200.0
200.0
200.0
200.0
200.0
200.0
200.0
200.0
200.0
200.0
200.0
200.0
200.0
200.0
200.0
200.0
200.0
200.0
200.0
200.0
200.0
200.0
200.0
200.0
200.0
200.0
200.0
200.0
200.0
200.0
200.0
200.0
200.0
200.0
200.0
200.0
200.0
200.0
200.0
200.0
200.0
200.0
200.0
200.0
200.0
200.0
200.0
200.0
200.0
200.0
200.0
200.0
200.0
200.0
200.0
200.0
200.0
200.0
200.0
200.0
200.0
200.0
200.0
200.0
200.0
200.0
200.0
200.0
200.0
200.0
200.0
200.0
200.0
200.0
200.0
200.0
200.0
200.0
200.0
200.0
200.0
200.0
200.0
200.0
200.0
200.0
200.0
200.0
109.5
200.0
200.0
200.0
200.0
200.0
200.0
200.0
200.0
200.0
200.0
200.0
200.0
200.0
200.0
200.0
200.0
200.0
200.0
200.0
200.0
200.0
200.0
200.0
200.0
200.0
200.0
200.0
200.0
200.0
200.0
200.0
200.0
200.0
200.0
200.0
200.0
200.0
200.0
200.0
200.0
200.0
200.0
200.0
200.0
200.0
200.0
200.0
200.0
200.0
200.0
200.0
200.0
200.0
200.0
200.0
200.0
200.0
200.0
200.0
200.0
200.0
200.0
200.0
200.0
200.0
200.0
200.0