10.0
7.0
4.5
4.5
4.5
3.0
4.0
2.5
3.5
3.5
5.0
3.5
5.0
3.5
4.0
3.0
4.5
7.5
9.5
9.0
30.5
21.5
10.5
7.0
8.5
13.5
41.5
86.0
47.0
23.5
61.5
66.5
63.5
47.5
58.0
48.0
56.0
109.0
69.5
34.5
62.0
67.0
44.5
54.0
33.0
37.0
45.0
50.5
59.0
42.0
38.0
52.5
38.5
57.5
40.5
82.5
50.0
71.5
83.0
94.5
29.0
35.5
45.0
50.5
44.5
80.0
136.5
114.5
194.0
3.5
3.0
3.5
3.5
3.0
2.5
3.5
3.5
4.0
2.5
4.0
3.5
3.5
3.5
2.5
4.0
4.0
2.5
3.5
3.0
4.0
2.5
3.5
3.5
3.5
3.0
3.5
4.0
4.5
3.0
2.5
4.5
3.0
3.5
3.0
2.5
3.5
3.5
3.5
3.5
3.0
3.5
3.5
3.5
3.5
3.5
3.5
3.5
3.5
3.5
4.0
3.5
3.5
4.0
3.5
4.0
4.0
3.5
3.5
2.5
3.0
2.5
3.0
4.0
3.5
3.0
2.5
4.5
3.0
3.5
3.0
3.0
4.5
3.0
3.5
4.5
3.5
3.5
3.5
2.5
3.5
3.0
2.5
4.5
2.5
3.0
3.5
3.5
3.0
3.5
3.0
4.0
4.0
4.0
3.0
3.0
3.0
3.5
3.5
4.0
4.0
3.0
3.5
4.0
4.0
3.5
3.0
4.0
3.0
3.0
4.5
3.5
4.0
3.5
4.5
3.5
4.0
3.5
4.0
3.0
3.5
4.0
4.0
3.5
3.5
4.5
3.5
4.5
3.5
3.5
4.0
4.0
4.5
3.5
3.5
4.0
3.5
4.0
3.5
4.5
4.5
4.0
4.0
4.5
3.5
4.5
4.0
3.5
4.5
3.5
4.0
4.5
2.5
4.0
4.5
6.0
4.0
5.0
6.5
5.5
4.5
4.0
4.5
7.0
5.5
6.0
7.0
7.0
7.5
9.5
6.0
9.5
5.5
11.0
9.0
13.5
28.0
53.5
67.5
19.5
64.5
82.5
118.5
44.5
87.5
56.0
24.0
30.5
29.0
37.5
36.0
107.0
143.0
133.0
46.5
48.5
58.5
62.0
120.5
135.0
186.5
115.5
147.5
194.0
165.5
31.0
27.0
29.5
57.0
73.5
131.5
124.5
121.5
107.5
105.5
91.0
107.5
67.5
86.0
70.0
82.5
63.5
78.0
65.0
68.5
62.5
75.5
68.0
58.0
50.5
62.0
62.0
69.5
83.5
48.0
48.5
63.5
52.5
63.0
41.5
75.0
63.5
72.5
84.0
45.5
66.0
36.0
82.0
86.5
73.0
50.5