9.0
11.5
9.5
9.0
13.0
12.0
9.5
8.5
10.0
9.5
10.0
9.5
10.0
9.0
9.5
9.0
9.0
10.5
10.5
9.5
9.5
9.0
9.5
11.0
9.0
9.0
9.0
9.0
10.0
8.5
10.5
8.5
8.5
12.0
9.0
10.0
12.0
11.5
9.5
14.0
13.0
13.0
14.5
15.5
15.0
62.0
40.5
13.0
13.0
14.0
20.0
26.5
37.5
81.0
68.0
47.5
62.0
43.5
59.0
95.0
33.5
54.5
113.0
65.0
47.5
74.5
82.5
99.5
76.5
132.5
88.5
80.5
99.0
141.5
160.0
181.5
13.5
17.0
20.5
73.0
100.5
90.0
143.0
141.5
94.5
96.0
92.5
139.5
166.5
139.0
114.5
62.0
22.5
200.0
28.5
200.0
149.5
124.0
200.0
200.0
164.5
178.0
78.5
148.5
22.0
27.0
26.5
29.0
27.5
26.0
33.0
40.0
32.0
37.5
35.5
40.0
42.5
71.0
83.5
112.5
122.5
147.5
115.0
119.5
141.0
190.0
200.0
200.0
194.0
193.0
160.0
139.5
200.0
200.0
200.0
200.0
200.0
200.0
200.0
200.0
200.0
200.0
200.0
200.0
200.0
200.0
200.0
197.0
200.0
200.0
200.0
200.0
189.5
103.0
74.5
90.5
128.5
200.0
200.0
200.0
200.0
200.0
200.0
200.0
197.5
200.0
200.0
197.0
200.0
200.0
200.0
196.5
200.0
200.0
200.0
200.0
199.5
200.0
200.0
200.0
200.0
200.0
200.0
200.0
200.0
200.0
200.0
200.0
200.0
200.0
200.0
196.0
200.0
200.0
200.0
197.5
189.0
182.5
137.5
187.5
200.0
200.0
200.0
200.0
200.0
200.0
200.0
200.0
200.0
200.0
200.0
200.0
200.0
200.0
200.0
200.0
200.0
200.0
200.0
200.0
200.0
200.0
200.0
200.0
200.0
200.0
200.0
200.0
200.0
200.0
200.0
200.0
200.0
200.0
200.0
200.0
200.0
200.0
200.0
200.0
200.0
200.0
200.0
200.0
200.0
200.0
200.0
200.0
200.0
200.0
200.0
200.0
200.0
200.0
200.0
200.0
200.0
200.0
200.0
200.0
200.0
200.0
200.0
200.0
200.0
200.0
200.0
200.0
200.0
200.0
200.0
200.0
200.0
200.0
200.0
200.0
200.0
200.0
200.0
200.0
200.0
200.0
200.0
200.0
200.0
200.0
200.0
200.0
200.0
200.0
200.0
200.0
200.0
200.0
200.0
200.0
200.0
200.0
200.0
200.0
200.0
200.0
200.0
200.0
200.0
200.0
200.0
200.0
200.0
200.0
200.0
200.0
200.0
200.0
200.0
200.0
200.0
200.0
200.0
200.0