13.0
20.5
16.0
13.5
18.0
17.5
17.5
13.0
19.0
20.0
30.0
11.5
10.5
14.0
85.5
70.5
15.5
17.5
28.5
54.5
33.5
35.0
24.5
26.0
31.0
25.5
27.0
30.5
30.0
33.5
26.0
45.0
40.5
30.5
38.5
29.5
24.5
21.0
25.5
21.0
22.0
26.5
27.5
31.5
42.5
42.5
27.0
27.0
31.0
34.5
39.0
29.0
29.0
24.5
32.5
30.0
43.5
35.0
33.5
29.0
36.5
25.5
25.0
28.5
76.5
83.0
68.5
49.5
19.0
17.5
23.0
35.0
50.5
143.0
8.5
9.5
9.0
10.0
8.5
10.0
9.5
9.5
9.5
8.5
10.0
10.0
8.5
9.5
8.5
10.0
8.5
9.5
9.0
9.5
9.0
9.5
10.0
10.0
9.0
8.5
10.0
9.0
9.0
9.0
8.5
9.5
9.5
9.0
9.5
8.5
9.5
9.5
9.5
9.5
9.5
9.5
9.5
9.5
9.5
9.5
9.5
9.5
9.5
9.5
10.0
10.0
9.0
9.5
8.5
9.0
8.5
9.0
10.0
9.5
9.0
8.5
10.5
8.5
9.5
8.5
9.0
10.5
9.0
9.5
10.5
9.5
9.5
9.5
8.5
9.5
9.0
8.5
10.5
8.5
9.0
9.5
9.5
9.0
9.5
9.0
10.0
9.5
9.5
9.0
9.0
9.0
9.5
9.5
10.0
10.0
8.5
9.5
10.0
10.0
9.5
9.0
10.0
9.0
8.5
10.0
9.5
10.0
9.5
9.5
9.5
10.0
9.0
9.5
8.5
9.5
10.0
10.0
9.0
9.5
10.0
9.5
10.0
9.5
9.5
9.0
10.0
9.5
9.5
9.5
9.5
9.5
9.0
8.5
9.5
9.5
9.5
9.0
10.0
9.0
9.5
8.5
9.5
9.5
9.0
9.5
9.5
8.5
9.0
9.5
9.0
9.0
9.5
10.5
10.0
9.5
9.0
8.0
9.0
9.0
10.0
10.0
9.5
9.5
8.5
9.5
10.0
8.5
10.0
9.5
10.0
8.5
9.0
9.5
9.0
9.5
9.0
9.5
9.5
8.5
9.0
9.0
8.5
9.0
8.5
10.0
9.5
8.5
8.5
10.0
9.5
9.5
9.5
9.5
9.0
9.0
9.0
8.0
9.0
9.0
9.5
10.0
10.5
9.0
9.5
9.0
10.0
9.5
9.5
9.5
9.0
9.5
9.0
10.0
9.5
10.0
9.0
9.0
9.5
9.0
8.0
10.0
9.5
9.5
9.5
10.0
9.5
10.0
9.0
9.0
9.0
9.5
9.5
9.5
8.5
10.0
9.5
9.5
10.0
9.0
9.5
8.5
9.0
10.0
9.5
9.0