11.0
14.5
11.5
9.5
12.0
11.5
10.5
8.5
11.0
17.0
24.0
15.0
22.5
13.0
17.0
23.0
28.0
33.5
25.5
24.5
24.0
22.0
22.5
37.0
31.0
44.5
39.0
46.0
29.5
33.0
65.0
41.0
38.5
43.5
32.5
56.5
73.5
48.5
50.0
28.5
31.5
34.5
39.0
47.5
37.0
42.0
49.0
66.5
66.5
91.5
51.5
50.0
86.0
63.5
76.0
79.5
63.0
49.0
74.0
74.5
48.5
77.5
116.0
141.5
130.0
64.5
75.0
38.0
47.0
43.5
43.0
78.0
44.0
79.5
79.0
119.0
57.0
67.0
116.0
192.0
68.0
55.0
35.0
61.5
80.0
83.0
95.0
183.5
132.5
149.5
100.5
105.5
41.5
56.5
54.5
41.5
58.0
47.0
62.0
81.0
118.5
200.0
200.0
200.0
200.0
200.0
200.0
200.0
200.0
200.0
200.0
200.0
200.0
200.0
200.0
200.0
200.0
200.0
200.0
173.5
100.0
117.0
200.0
200.0
200.0
200.0
200.0
200.0
200.0
200.0
200.0
200.0
200.0
200.0
200.0
200.0
200.0
200.0
200.0
200.0
200.0
200.0
200.0
200.0
200.0
200.0
200.0
200.0
200.0
200.0
200.0
200.0
200.0
200.0
200.0
200.0
200.0
200.0
200.0
200.0
200.0
200.0
200.0
200.0
200.0
200.0
200.0
200.0
200.0
200.0
200.0
200.0
200.0
200.0
200.0
200.0
200.0
200.0
200.0
200.0
200.0
200.0
200.0
200.0
200.0
200.0
200.0
200.0
200.0
200.0
200.0
200.0
200.0
200.0
200.0
200.0
200.0
200.0
200.0
200.0
200.0
200.0
200.0
200.0
200.0
200.0
200.0
200.0
200.0
200.0
200.0
200.0
200.0
200.0
200.0
200.0
200.0
200.0
200.0
200.0
200.0
200.0
200.0
200.0
200.0
200.0
200.0
200.0
200.0
200.0
200.0
200.0
200.0
200.0
200.0
200.0
200.0
200.0
200.0
200.0
200.0
200.0
200.0
200.0
200.0
200.0
200.0
200.0
200.0
200.0
200.0
200.0
200.0
200.0
200.0
200.0
200.0
200.0
200.0
200.0
200.0
200.0
200.0
200.0
200.0
200.0
200.0
200.0
200.0
200.0
200.0
200.0
200.0
200.0
200.0
200.0
200.0
200.0
200.0
200.0
200.0
200.0
200.0
200.0
200.0
200.0
200.0
200.0
200.0
200.0
200.0
200.0
200.0
200.0
200.0
200.0
200.0
200.0
200.0
200.0
200.0
200.0
200.0
200.0
200.0
200.0
200.0
200.0
200.0
200.0
200.0
200.0
200.0
200.0
200.0
200.0
200.0
200.0
200.0
200.0