13.5
15.5
13.5
10.5
13.5
11.5
12.0
11.0
17.0
53.5
37.5
142.5
19.5
21.5
22.0
27.5
48.5
57.5
51.5
34.0
63.0
25.5
34.5
36.0
29.5
31.0
32.5
31.5
37.0
33.0
42.5
37.0
42.0
66.0
37.5
58.0
46.0
45.0
42.5
40.0
48.5
46.5
66.0
53.0
41.5
52.0
118.0
64.0
53.5
73.0
81.5
63.5
74.0
91.0
70.0
82.5
110.0
135.5
175.5
150.5
177.5
9.5
9.5
10.0
10.0
10.5
9.0
9.0
10.5
9.5
9.0
9.5
9.5
9.0
8.5
9.5
9.0
10.0
10.5
10.5
13.0
9.5
9.5
9.5
10.0
11.0
9.0
9.5
9.5
11.0
9.5
9.5
10.0
9.5
10.0
9.5
12.5
10.0
9.5
16.0
10.0
9.0
9.0
9.0
9.0
9.5
9.5
9.0
9.5
8.5
9.5
10.0
11.0
9.5
9.0
9.5
9.5
9.5
12.0
9.5
9.0
9.5
13.5
11.5
13.5
11.0
11.0
11.0
8.5
9.0
12.0
10.0
13.0
9.5
12.0
8.5
12.5
9.5
11.5
10.5
9.0
10.5
9.5
10.0
11.5
10.0
10.5
10.0
8.5
9.5
10.5
11.0
10.5
9.5
9.0
11.5
9.5
11.0
9.0
10.5
11.0
9.5
11.5
11.0
10.5
9.5
10.5
10.5
13.5
13.0
10.5
10.0
13.0
11.0
9.5
10.5
11.0
9.5
9.5
10.5
19.5
10.0
9.5
9.5
12.0
10.0
8.5
9.5
10.5
10.0
10.0
17.5
11.5
12.5
15.5
10.5
11.0
11.0
9.0
10.5
11.5
9.5
10.0
10.5
9.5
12.5
10.0
10.0
14.0
11.0
16.5
13.5
10.5
10.5
10.5
15.0
12.0
20.0
12.5
9.5
13.0
12.0
10.0
12.5
12.5
18.5
14.5
22.0
21.5
20.0
28.0
22.5
36.5
62.0
173.5
200.0
200.0
200.0
176.5
200.0
200.0
169.0
37.0
38.0
44.0
43.0
48.0
62.5
74.0
124.0
95.0
175.0
176.0
200.0
195.0
200.0
200.0
192.0
200.0
170.5
200.0
200.0
200.0
200.0
200.0
200.0
200.0
200.0
200.0
200.0
200.0
200.0
200.0
200.0
200.0
200.0
200.0
200.0
200.0
200.0
200.0
200.0
200.0
200.0
200.0
200.0
200.0
200.0
200.0
200.0
200.0
200.0
200.0
200.0
200.0
200.0
200.0
200.0
200.0
200.0
200.0
200.0
200.0
200.0
200.0
200.0
200.0
200.0
200.0
200.0
200.0
200.0
200.0
200.0
200.0
200.0
200.0
200.0
200.0
200.0